#
# There is insufficient memory for the Java Runtime Environment to continue.
# Native memory allocation (malloc) failed to allocate 1070096 bytes for Chunk::new
# Possible reasons:
#   The system is out of physical RAM or swap space
#   The process is running with CompressedOops enabled, and the Java Heap may be blocking the growth of the native heap
# Possible solutions:
#   Reduce memory load on the system
#   Increase physical memory or swap space
#   Check if swap backing store is full
#   Decrease Java heap size (-Xmx/-Xms)
#   Decrease number of Java threads
#   Decrease Java thread stack sizes (-Xss)
#   Set larger code cache with -XX:ReservedCodeCacheSize=
#   JVM is running with Unscaled Compressed Oops mode in which the Java heap is
#     placed in the first 4GB address space. The Java Heap base address is the
#     maximum limit for the native heap growth. Please use -XX:HeapBaseMinAddress
#     to set the Java Heap base and to place the Java Heap above 4GB virtual address.
# This output file may be truncated or incomplete.
#
#  Out of Memory Error (arena.cpp:189), pid=416, tid=3464
#
# JRE version: OpenJDK Runtime Environment (17.0.6) (build 17.0.6+0-b2043.56-10027231)
# Java VM: OpenJDK 64-Bit Server VM (17.0.6+0-b2043.56-10027231, mixed mode, tiered, compressed oops, compressed class ptrs, g1 gc, windows-amd64)
# No core dump will be written. Minidumps are not enabled by default on client versions of Windows
#

---------------  S U M M A R Y ------------

Command Line: --add-opens=java.base/java.util=ALL-UNNAMED --add-opens=java.base/java.lang=ALL-UNNAMED --add-opens=java.base/java.lang.invoke=ALL-UNNAMED --add-opens=java.prefs/java.util.prefs=ALL-UNNAMED --add-opens=java.base/java.nio.charset=ALL-UNNAMED --add-opens=java.base/java.net=ALL-UNNAMED --add-opens=java.base/java.util.concurrent.atomic=ALL-UNNAMED -Xmx2048m -Dfile.encoding=UTF-8 -Duser.country=US -Duser.language=en -Duser.variant org.gradle.launcher.daemon.bootstrap.GradleDaemon 8.0

Host: 11th Gen Intel(R) Core(TM) i5-1135G7 @ 2.40GHz, 8 cores, 15G,  Windows 10 , 64 bit Build 19041 (10.0.19041.3031)
Time: Thu Dec 14 20:06:13 2023 W. Central Africa Standard Time elapsed time: 3.828139 seconds (0d 0h 0m 3s)

---------------  T H R E A D  ---------------

Current thread (0x000001cfcf4c2360):  JavaThread "C2 CompilerThread0" daemon [_thread_in_native, id=3464, stack(0x0000003339000000,0x0000003339100000)]


Current CompileTask:
C2:   3828 4345       4       java.util.regex.Pattern::compile (500 bytes)

Stack: [0x0000003339000000,0x0000003339100000]
Native frames: (J=compiled Java code, j=interpreted, Vv=VM code, C=native code)
V  [jvm.dll+0x683c9a]
V  [jvm.dll+0x8427a4]
V  [jvm.dll+0x843f9e]
V  [jvm.dll+0x844603]
V  [jvm.dll+0x249b75]
V  [jvm.dll+0xabcac]
V  [jvm.dll+0xac27c]
V  [jvm.dll+0x368802]
V  [jvm.dll+0x332f31]
V  [jvm.dll+0x3323da]
V  [jvm.dll+0x21c201]
V  [jvm.dll+0x21b621]
V  [jvm.dll+0x1a4fdd]
V  [jvm.dll+0x22b098]
V  [jvm.dll+0x229159]
V  [jvm.dll+0x7f81ec]
V  [jvm.dll+0x7f274a]
V  [jvm.dll+0x682ad5]
C  [ucrtbase.dll+0x21bb2]
C  [KERNEL32.DLL+0x17614]
C  [ntdll.dll+0x526f1]


---------------  P R O C E S S  ---------------

Threads class SMR info:
_java_thread_list=0x000001cfd5b26900, length=43, elements={
0x000001cfb2d0d280, 0x000001cfcf464a70, 0x000001cfcf497400, 0x000001cfcf4bb810,
0x000001cfcf4bc1d0, 0x000001cfcf4c0eb0, 0x000001cfcf4c1770, 0x000001cfcf4c2360,
0x000001cfcf4c3470, 0x000001cfcf4c57f0, 0x000001cfcf6413b0, 0x000001cfcf654360,
0x000001cfcf95ebf0, 0x000001cfcfe956f0, 0x000001cfcff6bb80, 0x000001cfcff6c050,
0x000001cfcff6a840, 0x000001cfcff69ea0, 0x000001cfcff6c520, 0x000001cfcff6b6b0,
0x000001cfcff68b60, 0x000001cfcff69030, 0x000001cfcff69500, 0x000001cfcff699d0,
0x000001cfcff6ad10, 0x000001cfcff6b1e0, 0x000001cfd29d25d0, 0x000001cfd29d55f0,
0x000001cfd29d6930, 0x000001cfd29d3440, 0x000001cfd29d5ac0, 0x000001cfd29d08f0,
0x000001cfd29d6e00, 0x000001cfd29d1290, 0x000001cfd29d5f90, 0x000001cfd29d77a0,
0x000001cfd29d6460, 0x000001cfd29d0420, 0x000001cfd29d1760, 0x000001cfd29d4c50,
0x000001cfd29d5120, 0x000001cfd5c72bd0, 0x000001cfd5c70ef0
}

Java Threads: ( => current thread )
  0x000001cfb2d0d280 JavaThread "main" [_thread_blocked, id=14968, stack(0x0000003338300000,0x0000003338400000)]
  0x000001cfcf464a70 JavaThread "Reference Handler" daemon [_thread_blocked, id=1896, stack(0x0000003338a00000,0x0000003338b00000)]
  0x000001cfcf497400 JavaThread "Finalizer" daemon [_thread_blocked, id=4560, stack(0x0000003338b00000,0x0000003338c00000)]
  0x000001cfcf4bb810 JavaThread "Signal Dispatcher" daemon [_thread_blocked, id=14288, stack(0x0000003338c00000,0x0000003338d00000)]
  0x000001cfcf4bc1d0 JavaThread "Attach Listener" daemon [_thread_blocked, id=7540, stack(0x0000003338d00000,0x0000003338e00000)]
  0x000001cfcf4c0eb0 JavaThread "Service Thread" daemon [_thread_blocked, id=9876, stack(0x0000003338e00000,0x0000003338f00000)]
  0x000001cfcf4c1770 JavaThread "Monitor Deflation Thread" daemon [_thread_blocked, id=12316, stack(0x0000003338f00000,0x0000003339000000)]
=>0x000001cfcf4c2360 JavaThread "C2 CompilerThread0" daemon [_thread_in_native, id=3464, stack(0x0000003339000000,0x0000003339100000)]
  0x000001cfcf4c3470 JavaThread "C1 CompilerThread0" daemon [_thread_blocked, id=12976, stack(0x0000003339100000,0x0000003339200000)]
  0x000001cfcf4c57f0 JavaThread "Sweeper thread" daemon [_thread_blocked, id=13016, stack(0x0000003339200000,0x0000003339300000)]
  0x000001cfcf6413b0 JavaThread "Common-Cleaner" daemon [_thread_blocked, id=12328, stack(0x0000003339300000,0x0000003339400000)]
  0x000001cfcf654360 JavaThread "Notification Thread" daemon [_thread_blocked, id=6264, stack(0x0000003339400000,0x0000003339500000)]
  0x000001cfcf95ebf0 JavaThread "C2 CompilerThread1" daemon [_thread_in_native, id=4288, stack(0x0000003339600000,0x0000003339700000)]
  0x000001cfcfe956f0 JavaThread "C2 CompilerThread2" daemon [_thread_in_native, id=6048, stack(0x0000003339700000,0x0000003339800000)]
  0x000001cfcff6bb80 JavaThread "Daemon health stats" [_thread_blocked, id=3668, stack(0x0000003339d00000,0x0000003339e00000)]
  0x000001cfcff6c050 JavaThread "Incoming local TCP Connector on port 51303" [_thread_in_native, id=4528, stack(0x0000003339e00000,0x0000003339f00000)]
  0x000001cfcff6a840 JavaThread "Daemon periodic checks" [_thread_blocked, id=14540, stack(0x0000003339f00000,0x000000333a000000)]
  0x000001cfcff69ea0 JavaThread "Daemon" [_thread_blocked, id=2012, stack(0x000000333a000000,0x000000333a100000)]
  0x000001cfcff6c520 JavaThread "Handler for socket connection from /127.0.0.1:51303 to /127.0.0.1:51304" [_thread_in_native, id=13276, stack(0x000000333a100000,0x000000333a200000)]
  0x000001cfcff6b6b0 JavaThread "Cancel handler" [_thread_blocked, id=8892, stack(0x000000333a200000,0x000000333a300000)]
  0x000001cfcff68b60 JavaThread "Daemon worker" [_thread_in_vm, id=684, stack(0x000000333a300000,0x000000333a400000)]
  0x000001cfcff69030 JavaThread "Asynchronous log dispatcher for DefaultDaemonConnection: socket connection from /127.0.0.1:51303 to /127.0.0.1:51304" [_thread_blocked, id=2160, stack(0x000000333a400000,0x000000333a500000)]
  0x000001cfcff69500 JavaThread "Stdin handler" [_thread_blocked, id=5752, stack(0x000000333a500000,0x000000333a600000)]
  0x000001cfcff699d0 JavaThread "Daemon client event forwarder" [_thread_blocked, id=9260, stack(0x000000333a600000,0x000000333a700000)]
  0x000001cfcff6ad10 JavaThread "Cache worker for journal cache (C:\Users\ahmed\.gradle\caches\journal-1)" [_thread_blocked, id=4452, stack(0x000000333aa00000,0x000000333ab00000)]
  0x000001cfcff6b1e0 JavaThread "File lock request listener" [_thread_in_native, id=9664, stack(0x000000333ab00000,0x000000333ac00000)]
  0x000001cfd29d25d0 JavaThread "Cache worker for file hash cache (C:\Users\ahmed\.gradle\caches\8.0\fileHashes)" [_thread_blocked, id=12432, stack(0x000000333ac00000,0x000000333ad00000)]
  0x000001cfd29d55f0 JavaThread "File watcher server" daemon [_thread_in_native, id=13172, stack(0x000000333ad00000,0x000000333ae00000)]
  0x000001cfd29d6930 JavaThread "File watcher consumer" daemon [_thread_blocked, id=13144, stack(0x000000333ae00000,0x000000333af00000)]
  0x000001cfd29d3440 JavaThread "Cache worker for checksums cache (C:\Users\ahmed\AndroidStudioProjects\Recyclerview\.gradle\8.0\checksums)" [_thread_blocked, id=11996, stack(0x000000333af00000,0x000000333b000000)]
  0x000001cfd29d5ac0 JavaThread "Cache worker for cache directory md-rule (C:\Users\ahmed\.gradle\caches\8.0\md-rule)" [_thread_blocked, id=13256, stack(0x000000333b000000,0x000000333b100000)]
  0x000001cfd29d08f0 JavaThread "Cache worker for file content cache (C:\Users\ahmed\.gradle\caches\8.0\fileContent)" [_thread_blocked, id=5576, stack(0x000000333b100000,0x000000333b200000)]
  0x000001cfd29d6e00 JavaThread "Cache worker for file hash cache (C:\Users\ahmed\AndroidStudioProjects\Recyclerview\.gradle\8.0\fileHashes)" [_thread_blocked, id=5180, stack(0x000000333b200000,0x000000333b300000)]
  0x000001cfd29d1290 JavaThread "Cache worker for cache directory md-supplier (C:\Users\ahmed\.gradle\caches\8.0\md-supplier)" [_thread_blocked, id=10612, stack(0x000000333b300000,0x000000333b400000)]
  0x000001cfd29d5f90 JavaThread "Cache worker for execution history cache (C:\Users\ahmed\.gradle\caches\8.0\executionHistory)" [_thread_blocked, id=12196, stack(0x000000333b400000,0x000000333b500000)]
  0x000001cfd29d77a0 JavaThread "jar transforms" [_thread_blocked, id=3656, stack(0x000000333b500000,0x000000333b600000)]
  0x000001cfd29d6460 JavaThread "jar transforms Thread 2" [_thread_blocked, id=3796, stack(0x000000333b600000,0x000000333b700000)]
  0x000001cfd29d0420 JavaThread "Cache worker for kotlin-dsl (C:\Users\ahmed\.gradle\caches\8.0\kotlin-dsl)" [_thread_blocked, id=3716, stack(0x000000333b700000,0x000000333b800000)]
  0x000001cfd29d1760 JavaThread "jar transforms Thread 3" [_thread_blocked, id=3604, stack(0x000000333b900000,0x000000333ba00000)]
  0x000001cfd29d4c50 JavaThread "jar transforms Thread 4" [_thread_blocked, id=3676, stack(0x000000333ba00000,0x000000333bb00000)]
  0x000001cfd29d5120 JavaThread "Cache worker for dependencies-accessors (C:\Users\ahmed\AndroidStudioProjects\Recyclerview\.gradle\8.0\dependencies-accessors)" [_thread_blocked, id=3748, stack(0x000000333bb00000,0x000000333bc00000)]
  0x000001cfd5c72bd0 JavaThread "Cache worker for Build Output Cleanup Cache (C:\Users\ahmed\AndroidStudioProjects\Recyclerview\.gradle\buildOutputCleanup)" [_thread_blocked, id=4332, stack(0x000000333bc00000,0x000000333bd00000)]
  0x000001cfd5c70ef0 JavaThread "jar transforms Thread 5" [_thread_blocked, id=4468, stack(0x000000333bd00000,0x000000333be00000)]

Other Threads:
  0x000001cfcf45fed0 VMThread "VM Thread" [stack: 0x0000003338900000,0x0000003338a00000] [id=12856]
  0x000001cfb2d8a2e0 WatcherThread [stack: 0x0000003339500000,0x0000003339600000] [id=2916]
  0x000001cfb2d6c570 GCTaskThread "GC Thread#0" [stack: 0x0000003338400000,0x0000003338500000] [id=3560]
  0x000001cfcfde7c70 GCTaskThread "GC Thread#1" [stack: 0x0000003339800000,0x0000003339900000] [id=6620]
  0x000001cfd025d6f0 GCTaskThread "GC Thread#2" [stack: 0x0000003339900000,0x0000003339a00000] [id=13332]
  0x000001cfd00d52d0 GCTaskThread "GC Thread#3" [stack: 0x0000003339a00000,0x0000003339b00000] [id=1296]
  0x000001cfd00d5580 GCTaskThread "GC Thread#4" [stack: 0x0000003339b00000,0x0000003339c00000] [id=3612]
  0x000001cfd00d5830 GCTaskThread "GC Thread#5" [stack: 0x0000003339c00000,0x0000003339d00000] [id=6608]
  0x000001cfd108f840 GCTaskThread "GC Thread#6" [stack: 0x000000333a700000,0x000000333a800000] [id=15332]
  0x000001cfd053ed80 GCTaskThread "GC Thread#7" [stack: 0x000000333a800000,0x000000333a900000] [id=1724]
  0x000001cfb2d7d3c0 ConcurrentGCThread "G1 Main Marker" [stack: 0x0000003338500000,0x0000003338600000] [id=6572]
  0x000001cfb2d7e480 ConcurrentGCThread "G1 Conc#0" [stack: 0x0000003338600000,0x0000003338700000] [id=9976]
  0x000001cfd1dd6c10 ConcurrentGCThread "G1 Conc#1" [stack: 0x000000333a900000,0x000000333aa00000] [id=10036]
  0x000001cfb2dddff0 ConcurrentGCThread "G1 Refine#0" [stack: 0x0000003338700000,0x0000003338800000] [id=4044]
  0x000001cfd0ed3370 ConcurrentGCThread "G1 Refine#1" [stack: 0x000000333b800000,0x000000333b900000] [id=3356]
  0x000001cfb2dde920 ConcurrentGCThread "G1 Service" [stack: 0x0000003338800000,0x0000003338900000] [id=3196]

Threads with active compile tasks:
C2 CompilerThread0     3837 4345       4       java.util.regex.Pattern::compile (500 bytes)
C2 CompilerThread1     3837 4330       4       org.gradle.internal.service.DefaultServiceRegistry$OwnServices::getService (309 bytes)
C2 CompilerThread2     3837 4335   !   4       java.lang.ClassLoader::loadClass (121 bytes)

VM state: not at safepoint (normal execution)

VM Mutex/Monitor currently owned by a thread: None

Heap address: 0x0000000080000000, size: 2048 MB, Compressed Oops mode: 32-bit

CDS archive(s) not mapped
Compressed class space mapped at: 0x0000000100000000-0x0000000140000000, reserved size: 1073741824
Narrow klass base: 0x0000000000000000, Narrow klass shift: 3, Narrow klass range: 0x140000000

GC Precious Log:
 CPUs: 8 total, 8 available
 Memory: 16126M
 Large Page Support: Disabled
 NUMA Support: Disabled
 Compressed Oops: Enabled (32-bit)
 Heap Region Size: 1M
 Heap Min Capacity: 8M
 Heap Initial Capacity: 252M
 Heap Max Capacity: 2G
 Pre-touch: Disabled
 Parallel Workers: 8
 Concurrent Workers: 2
 Concurrent Refinement Workers: 8
 Periodic GC: Disabled

Heap:
 garbage-first heap   total 179200K, used 62863K [0x0000000080000000, 0x0000000100000000)
  region size 1024K, 35 young (35840K), 3 survivors (3072K)
 Metaspace       used 51982K, committed 52416K, reserved 1097728K
  class space    used 6983K, committed 7168K, reserved 1048576K

Heap Regions: E=young(eden), S=young(survivor), O=old, HS=humongous(starts), HC=humongous(continues), CS=collection set, F=free, OA=open archive, CA=closed archive, TAMS=top-at-mark-start (previous, next)
|   0|0x0000000080000000, 0x0000000080100000, 0x0000000080100000|100%|HS|  |TAMS 0x0000000080100000, 0x0000000080000000| Complete 
|   1|0x0000000080100000, 0x0000000080200000, 0x0000000080200000|100%|HC|  |TAMS 0x0000000080200000, 0x0000000080100000| Complete 
|   2|0x0000000080200000, 0x0000000080300000, 0x0000000080300000|100%|HC|  |TAMS 0x0000000080300000, 0x0000000080200000| Complete 
|   3|0x0000000080300000, 0x0000000080400000, 0x0000000080400000|100%|HC|  |TAMS 0x0000000080400000, 0x0000000080300000| Complete 
|   4|0x0000000080400000, 0x0000000080500000, 0x0000000080500000|100%| O|  |TAMS 0x0000000080500000, 0x0000000080400000| Untracked 
|   5|0x0000000080500000, 0x0000000080600000, 0x0000000080600000|100%| O|  |TAMS 0x0000000080600000, 0x0000000080500000| Untracked 
|   6|0x0000000080600000, 0x0000000080700000, 0x0000000080700000|100%| O|  |TAMS 0x0000000080700000, 0x0000000080600000| Untracked 
|   7|0x0000000080700000, 0x0000000080800000, 0x0000000080800000|100%| O|  |TAMS 0x0000000080800000, 0x0000000080700000| Untracked 
|   8|0x0000000080800000, 0x0000000080900000, 0x0000000080900000|100%| O|  |TAMS 0x0000000080900000, 0x0000000080800000| Untracked 
|   9|0x0000000080900000, 0x0000000080a00000, 0x0000000080a00000|100%| O|  |TAMS 0x0000000080a00000, 0x0000000080900000| Untracked 
|  10|0x0000000080a00000, 0x0000000080b00000, 0x0000000080b00000|100%| O|  |TAMS 0x0000000080b00000, 0x0000000080a00000| Untracked 
|  11|0x0000000080b00000, 0x0000000080c00000, 0x0000000080c00000|100%| O|  |TAMS 0x0000000080b00000, 0x0000000080b00000| Untracked 
|  12|0x0000000080c00000, 0x0000000080d00000, 0x0000000080d00000|100%| O|  |TAMS 0x0000000080d00000, 0x0000000080c00000| Untracked 
|  13|0x0000000080d00000, 0x0000000080e00000, 0x0000000080e00000|100%| O|  |TAMS 0x0000000080e00000, 0x0000000080d00000| Untracked 
|  14|0x0000000080e00000, 0x0000000080f00000, 0x0000000080f00000|100%| O|  |TAMS 0x0000000080f00000, 0x0000000080e00000| Untracked 
|  15|0x0000000080f00000, 0x0000000081000000, 0x0000000081000000|100%| O|  |TAMS 0x0000000081000000, 0x0000000080f00000| Untracked 
|  16|0x0000000081000000, 0x0000000081100000, 0x0000000081100000|100%| O|  |TAMS 0x0000000081100000, 0x0000000081000000| Untracked 
|  17|0x0000000081100000, 0x0000000081200000, 0x0000000081200000|100%| O|  |TAMS 0x0000000081200000, 0x0000000081100000| Untracked 
|  18|0x0000000081200000, 0x0000000081300000, 0x0000000081300000|100%| O|  |TAMS 0x0000000081300000, 0x0000000081200000| Untracked 
|  19|0x0000000081300000, 0x0000000081400000, 0x0000000081400000|100%| O|  |TAMS 0x0000000081400000, 0x0000000081300000| Untracked 
|  20|0x0000000081400000, 0x0000000081400000, 0x0000000081500000|  0%| F|  |TAMS 0x0000000081400000, 0x0000000081400000| Untracked 
|  21|0x0000000081500000, 0x0000000081600000, 0x0000000081600000|100%| O|  |TAMS 0x0000000081500000, 0x0000000081500000| Untracked 
|  22|0x0000000081600000, 0x0000000081700000, 0x0000000081700000|100%| O|  |TAMS 0x0000000081600000, 0x0000000081600000| Untracked 
|  23|0x0000000081700000, 0x0000000081800000, 0x0000000081800000|100%| O|  |TAMS 0x0000000081700000, 0x0000000081700000| Untracked 
|  24|0x0000000081800000, 0x0000000081900000, 0x0000000081900000|100%| O|  |TAMS 0x0000000081800000, 0x0000000081800000| Untracked 
|  25|0x0000000081900000, 0x0000000081a00000, 0x0000000081a00000|100%| O|  |TAMS 0x0000000081900000, 0x0000000081900000| Untracked 
|  26|0x0000000081a00000, 0x0000000081b00000, 0x0000000081b00000|100%| O|  |TAMS 0x0000000081a00000, 0x0000000081a00000| Untracked 
|  27|0x0000000081b00000, 0x0000000081c00000, 0x0000000081c00000|100%| O|  |TAMS 0x0000000081b00000, 0x0000000081b00000| Untracked 
|  28|0x0000000081c00000, 0x0000000081c00000, 0x0000000081d00000|  0%| F|  |TAMS 0x0000000081c00000, 0x0000000081c00000| Untracked 
|  29|0x0000000081d00000, 0x0000000081d00000, 0x0000000081e00000|  0%| F|  |TAMS 0x0000000081d00000, 0x0000000081d00000| Untracked 
|  30|0x0000000081e00000, 0x0000000081e00000, 0x0000000081f00000|  0%| F|  |TAMS 0x0000000081e00000, 0x0000000081e00000| Untracked 
|  31|0x0000000081f00000, 0x0000000081f00000, 0x0000000082000000|  0%| F|  |TAMS 0x0000000081f00000, 0x0000000081f00000| Untracked 
|  32|0x0000000082000000, 0x0000000082000000, 0x0000000082100000|  0%| F|  |TAMS 0x0000000082000000, 0x0000000082000000| Untracked 
|  33|0x0000000082100000, 0x0000000082100000, 0x0000000082200000|  0%| F|  |TAMS 0x0000000082100000, 0x0000000082100000| Untracked 
|  34|0x0000000082200000, 0x0000000082200000, 0x0000000082300000|  0%| F|  |TAMS 0x0000000082200000, 0x0000000082200000| Untracked 
|  35|0x0000000082300000, 0x00000000823b4400, 0x0000000082400000| 70%| O|  |TAMS 0x0000000082300000, 0x0000000082300000| Untracked 
|  36|0x0000000082400000, 0x0000000082400000, 0x0000000082500000|  0%| F|  |TAMS 0x0000000082400000, 0x0000000082400000| Untracked 
|  37|0x0000000082500000, 0x0000000082500000, 0x0000000082600000|  0%| F|  |TAMS 0x0000000082500000, 0x0000000082500000| Untracked 
|  38|0x0000000082600000, 0x0000000082600000, 0x0000000082700000|  0%| F|  |TAMS 0x0000000082600000, 0x0000000082600000| Untracked 
|  39|0x0000000082700000, 0x0000000082700000, 0x0000000082800000|  0%| F|  |TAMS 0x0000000082700000, 0x0000000082700000| Untracked 
|  40|0x0000000082800000, 0x0000000082800000, 0x0000000082900000|  0%| F|  |TAMS 0x0000000082800000, 0x0000000082800000| Untracked 
|  41|0x0000000082900000, 0x0000000082900000, 0x0000000082a00000|  0%| F|  |TAMS 0x0000000082900000, 0x0000000082900000| Untracked 
|  42|0x0000000082a00000, 0x0000000082a00000, 0x0000000082b00000|  0%| F|  |TAMS 0x0000000082a00000, 0x0000000082a00000| Untracked 
|  43|0x0000000082b00000, 0x0000000082b00000, 0x0000000082c00000|  0%| F|  |TAMS 0x0000000082b00000, 0x0000000082b00000| Untracked 
|  44|0x0000000082c00000, 0x0000000082cafaa0, 0x0000000082d00000| 68%| S|CS|TAMS 0x0000000082c00000, 0x0000000082c00000| Complete 
|  45|0x0000000082d00000, 0x0000000082e00000, 0x0000000082e00000|100%| S|CS|TAMS 0x0000000082d00000, 0x0000000082d00000| Complete 
|  46|0x0000000082e00000, 0x0000000082f00000, 0x0000000082f00000|100%| S|CS|TAMS 0x0000000082e00000, 0x0000000082e00000| Complete 
|  47|0x0000000082f00000, 0x0000000082f00000, 0x0000000083000000|  0%| F|  |TAMS 0x0000000082f00000, 0x0000000082f00000| Untracked 
|  48|0x0000000083000000, 0x0000000083000000, 0x0000000083100000|  0%| F|  |TAMS 0x0000000083000000, 0x0000000083000000| Untracked 
|  49|0x0000000083100000, 0x0000000083100000, 0x0000000083200000|  0%| F|  |TAMS 0x0000000083100000, 0x0000000083100000| Untracked 
|  50|0x0000000083200000, 0x0000000083200000, 0x0000000083300000|  0%| F|  |TAMS 0x0000000083200000, 0x0000000083200000| Untracked 
|  51|0x0000000083300000, 0x0000000083300000, 0x0000000083400000|  0%| F|  |TAMS 0x0000000083300000, 0x0000000083300000| Untracked 
|  52|0x0000000083400000, 0x0000000083400000, 0x0000000083500000|  0%| F|  |TAMS 0x0000000083400000, 0x0000000083400000| Untracked 
|  53|0x0000000083500000, 0x0000000083500000, 0x0000000083600000|  0%| F|  |TAMS 0x0000000083500000, 0x0000000083500000| Untracked 
|  54|0x0000000083600000, 0x0000000083600000, 0x0000000083700000|  0%| F|  |TAMS 0x0000000083600000, 0x0000000083600000| Untracked 
|  55|0x0000000083700000, 0x0000000083700000, 0x0000000083800000|  0%| F|  |TAMS 0x0000000083700000, 0x0000000083700000| Untracked 
|  56|0x0000000083800000, 0x0000000083800000, 0x0000000083900000|  0%| F|  |TAMS 0x0000000083800000, 0x0000000083800000| Untracked 
|  57|0x0000000083900000, 0x0000000083900000, 0x0000000083a00000|  0%| F|  |TAMS 0x0000000083900000, 0x0000000083900000| Untracked 
|  58|0x0000000083a00000, 0x0000000083a00000, 0x0000000083b00000|  0%| F|  |TAMS 0x0000000083a00000, 0x0000000083a00000| Untracked 
|  59|0x0000000083b00000, 0x0000000083b00000, 0x0000000083c00000|  0%| F|  |TAMS 0x0000000083b00000, 0x0000000083b00000| Untracked 
|  60|0x0000000083c00000, 0x0000000083c00000, 0x0000000083d00000|  0%| F|  |TAMS 0x0000000083c00000, 0x0000000083c00000| Untracked 
|  61|0x0000000083d00000, 0x0000000083d00000, 0x0000000083e00000|  0%| F|  |TAMS 0x0000000083d00000, 0x0000000083d00000| Untracked 
|  62|0x0000000083e00000, 0x0000000083e00000, 0x0000000083f00000|  0%| F|  |TAMS 0x0000000083e00000, 0x0000000083e00000| Untracked 
|  63|0x0000000083f00000, 0x0000000083f00000, 0x0000000084000000|  0%| F|  |TAMS 0x0000000083f00000, 0x0000000083f00000| Untracked 
|  64|0x0000000084000000, 0x0000000084000000, 0x0000000084100000|  0%| F|  |TAMS 0x0000000084000000, 0x0000000084000000| Untracked 
|  65|0x0000000084100000, 0x0000000084100000, 0x0000000084200000|  0%| F|  |TAMS 0x0000000084100000, 0x0000000084100000| Untracked 
|  66|0x0000000084200000, 0x0000000084200000, 0x0000000084300000|  0%| F|  |TAMS 0x0000000084200000, 0x0000000084200000| Untracked 
|  67|0x0000000084300000, 0x0000000084300000, 0x0000000084400000|  0%| F|  |TAMS 0x0000000084300000, 0x0000000084300000| Untracked 
|  68|0x0000000084400000, 0x0000000084400000, 0x0000000084500000|  0%| F|  |TAMS 0x0000000084400000, 0x0000000084400000| Untracked 
|  69|0x0000000084500000, 0x0000000084500000, 0x0000000084600000|  0%| F|  |TAMS 0x0000000084500000, 0x0000000084500000| Untracked 
|  70|0x0000000084600000, 0x0000000084600000, 0x0000000084700000|  0%| F|  |TAMS 0x0000000084600000, 0x0000000084600000| Untracked 
|  71|0x0000000084700000, 0x0000000084700000, 0x0000000084800000|  0%| F|  |TAMS 0x0000000084700000, 0x0000000084700000| Untracked 
|  72|0x0000000084800000, 0x0000000084800000, 0x0000000084900000|  0%| F|  |TAMS 0x0000000084800000, 0x0000000084800000| Untracked 
|  73|0x0000000084900000, 0x0000000084900000, 0x0000000084a00000|  0%| F|  |TAMS 0x0000000084900000, 0x0000000084900000| Untracked 
|  74|0x0000000084a00000, 0x0000000084a00000, 0x0000000084b00000|  0%| F|  |TAMS 0x0000000084a00000, 0x0000000084a00000| Untracked 
|  75|0x0000000084b00000, 0x0000000084b00000, 0x0000000084c00000|  0%| F|  |TAMS 0x0000000084b00000, 0x0000000084b00000| Untracked 
|  76|0x0000000084c00000, 0x0000000084c00000, 0x0000000084d00000|  0%| F|  |TAMS 0x0000000084c00000, 0x0000000084c00000| Untracked 
|  77|0x0000000084d00000, 0x0000000084d00000, 0x0000000084e00000|  0%| F|  |TAMS 0x0000000084d00000, 0x0000000084d00000| Untracked 
|  78|0x0000000084e00000, 0x0000000084e00000, 0x0000000084f00000|  0%| F|  |TAMS 0x0000000084e00000, 0x0000000084e00000| Untracked 
|  79|0x0000000084f00000, 0x0000000084f00000, 0x0000000085000000|  0%| F|  |TAMS 0x0000000084f00000, 0x0000000084f00000| Untracked 
|  80|0x0000000085000000, 0x0000000085000000, 0x0000000085100000|  0%| F|  |TAMS 0x0000000085000000, 0x0000000085000000| Untracked 
|  81|0x0000000085100000, 0x0000000085100000, 0x0000000085200000|  0%| F|  |TAMS 0x0000000085100000, 0x0000000085100000| Untracked 
|  82|0x0000000085200000, 0x0000000085200000, 0x0000000085300000|  0%| F|  |TAMS 0x0000000085200000, 0x0000000085200000| Untracked 
|  83|0x0000000085300000, 0x0000000085300000, 0x0000000085400000|  0%| F|  |TAMS 0x0000000085300000, 0x0000000085300000| Untracked 
|  84|0x0000000085400000, 0x0000000085400000, 0x0000000085500000|  0%| F|  |TAMS 0x0000000085400000, 0x0000000085400000| Untracked 
|  85|0x0000000085500000, 0x0000000085500000, 0x0000000085600000|  0%| F|  |TAMS 0x0000000085500000, 0x0000000085500000| Untracked 
|  86|0x0000000085600000, 0x0000000085600000, 0x0000000085700000|  0%| F|  |TAMS 0x0000000085600000, 0x0000000085600000| Untracked 
|  87|0x0000000085700000, 0x0000000085700000, 0x0000000085800000|  0%| F|  |TAMS 0x0000000085700000, 0x0000000085700000| Untracked 
|  88|0x0000000085800000, 0x0000000085800000, 0x0000000085900000|  0%| F|  |TAMS 0x0000000085800000, 0x0000000085800000| Untracked 
|  89|0x0000000085900000, 0x0000000085900000, 0x0000000085a00000|  0%| F|  |TAMS 0x0000000085900000, 0x0000000085900000| Untracked 
|  90|0x0000000085a00000, 0x0000000085a00000, 0x0000000085b00000|  0%| F|  |TAMS 0x0000000085a00000, 0x0000000085a00000| Untracked 
|  91|0x0000000085b00000, 0x0000000085b00000, 0x0000000085c00000|  0%| F|  |TAMS 0x0000000085b00000, 0x0000000085b00000| Untracked 
|  92|0x0000000085c00000, 0x0000000085c00000, 0x0000000085d00000|  0%| F|  |TAMS 0x0000000085c00000, 0x0000000085c00000| Untracked 
|  93|0x0000000085d00000, 0x0000000085d00000, 0x0000000085e00000|  0%| F|  |TAMS 0x0000000085d00000, 0x0000000085d00000| Untracked 
|  94|0x0000000085e00000, 0x0000000085e00000, 0x0000000085f00000|  0%| F|  |TAMS 0x0000000085e00000, 0x0000000085e00000| Untracked 
|  95|0x0000000085f00000, 0x0000000085f00000, 0x0000000086000000|  0%| F|  |TAMS 0x0000000085f00000, 0x0000000085f00000| Untracked 
|  96|0x0000000086000000, 0x0000000086000000, 0x0000000086100000|  0%| F|  |TAMS 0x0000000086000000, 0x0000000086000000| Untracked 
|  97|0x0000000086100000, 0x0000000086100000, 0x0000000086200000|  0%| F|  |TAMS 0x0000000086100000, 0x0000000086100000| Untracked 
|  98|0x0000000086200000, 0x0000000086200000, 0x0000000086300000|  0%| F|  |TAMS 0x0000000086200000, 0x0000000086200000| Untracked 
|  99|0x0000000086300000, 0x0000000086300000, 0x0000000086400000|  0%| F|  |TAMS 0x0000000086300000, 0x0000000086300000| Untracked 
| 100|0x0000000086400000, 0x0000000086400000, 0x0000000086500000|  0%| F|  |TAMS 0x0000000086400000, 0x0000000086400000| Untracked 
| 101|0x0000000086500000, 0x0000000086500000, 0x0000000086600000|  0%| F|  |TAMS 0x0000000086500000, 0x0000000086500000| Untracked 
| 102|0x0000000086600000, 0x0000000086600000, 0x0000000086700000|  0%| F|  |TAMS 0x0000000086600000, 0x0000000086600000| Untracked 
| 103|0x0000000086700000, 0x0000000086700000, 0x0000000086800000|  0%| F|  |TAMS 0x0000000086700000, 0x0000000086700000| Untracked 
| 104|0x0000000086800000, 0x0000000086800000, 0x0000000086900000|  0%| F|  |TAMS 0x0000000086800000, 0x0000000086800000| Untracked 
| 105|0x0000000086900000, 0x0000000086900000, 0x0000000086a00000|  0%| F|  |TAMS 0x0000000086900000, 0x0000000086900000| Untracked 
| 106|0x0000000086a00000, 0x0000000086a00000, 0x0000000086b00000|  0%| F|  |TAMS 0x0000000086a00000, 0x0000000086a00000| Untracked 
| 107|0x0000000086b00000, 0x0000000086b00000, 0x0000000086c00000|  0%| F|  |TAMS 0x0000000086b00000, 0x0000000086b00000| Untracked 
| 108|0x0000000086c00000, 0x0000000086c00000, 0x0000000086d00000|  0%| F|  |TAMS 0x0000000086c00000, 0x0000000086c00000| Untracked 
| 109|0x0000000086d00000, 0x0000000086d00000, 0x0000000086e00000|  0%| F|  |TAMS 0x0000000086d00000, 0x0000000086d00000| Untracked 
| 110|0x0000000086e00000, 0x0000000086e00000, 0x0000000086f00000|  0%| F|  |TAMS 0x0000000086e00000, 0x0000000086e00000| Untracked 
| 111|0x0000000086f00000, 0x0000000086f00000, 0x0000000087000000|  0%| F|  |TAMS 0x0000000086f00000, 0x0000000086f00000| Untracked 
| 112|0x0000000087000000, 0x0000000087000000, 0x0000000087100000|  0%| F|  |TAMS 0x0000000087000000, 0x0000000087000000| Untracked 
| 113|0x0000000087100000, 0x0000000087100000, 0x0000000087200000|  0%| F|  |TAMS 0x0000000087100000, 0x0000000087100000| Untracked 
| 114|0x0000000087200000, 0x0000000087200000, 0x0000000087300000|  0%| F|  |TAMS 0x0000000087200000, 0x0000000087200000| Untracked 
| 115|0x0000000087300000, 0x0000000087300000, 0x0000000087400000|  0%| F|  |TAMS 0x0000000087300000, 0x0000000087300000| Untracked 
| 116|0x0000000087400000, 0x0000000087400000, 0x0000000087500000|  0%| F|  |TAMS 0x0000000087400000, 0x0000000087400000| Untracked 
| 117|0x0000000087500000, 0x0000000087500000, 0x0000000087600000|  0%| F|  |TAMS 0x0000000087500000, 0x0000000087500000| Untracked 
| 118|0x0000000087600000, 0x0000000087600000, 0x0000000087700000|  0%| F|  |TAMS 0x0000000087600000, 0x0000000087600000| Untracked 
| 119|0x0000000087700000, 0x0000000087700000, 0x0000000087800000|  0%| F|  |TAMS 0x0000000087700000, 0x0000000087700000| Untracked 
| 120|0x0000000087800000, 0x0000000087800000, 0x0000000087900000|  0%| F|  |TAMS 0x0000000087800000, 0x0000000087800000| Untracked 
| 121|0x0000000087900000, 0x0000000087900000, 0x0000000087a00000|  0%| F|  |TAMS 0x0000000087900000, 0x0000000087900000| Untracked 
| 122|0x0000000087a00000, 0x0000000087a00000, 0x0000000087b00000|  0%| F|  |TAMS 0x0000000087a00000, 0x0000000087a00000| Untracked 
| 123|0x0000000087b00000, 0x0000000087b00000, 0x0000000087c00000|  0%| F|  |TAMS 0x0000000087b00000, 0x0000000087b00000| Untracked 
| 124|0x0000000087c00000, 0x0000000087c00000, 0x0000000087d00000|  0%| F|  |TAMS 0x0000000087c00000, 0x0000000087c00000| Untracked 
| 125|0x0000000087d00000, 0x0000000087d00000, 0x0000000087e00000|  0%| F|  |TAMS 0x0000000087d00000, 0x0000000087d00000| Untracked 
| 126|0x0000000087e00000, 0x0000000087e00000, 0x0000000087f00000|  0%| F|  |TAMS 0x0000000087e00000, 0x0000000087e00000| Untracked 
| 127|0x0000000087f00000, 0x0000000087f00000, 0x0000000088000000|  0%| F|  |TAMS 0x0000000087f00000, 0x0000000087f00000| Untracked 
| 128|0x0000000088000000, 0x0000000088000000, 0x0000000088100000|  0%| F|  |TAMS 0x0000000088000000, 0x0000000088000000| Untracked 
| 129|0x0000000088100000, 0x0000000088100000, 0x0000000088200000|  0%| F|  |TAMS 0x0000000088100000, 0x0000000088100000| Untracked 
| 130|0x0000000088200000, 0x0000000088200000, 0x0000000088300000|  0%| F|  |TAMS 0x0000000088200000, 0x0000000088200000| Untracked 
| 131|0x0000000088300000, 0x0000000088300000, 0x0000000088400000|  0%| F|  |TAMS 0x0000000088300000, 0x0000000088300000| Untracked 
| 132|0x0000000088400000, 0x0000000088400000, 0x0000000088500000|  0%| F|  |TAMS 0x0000000088400000, 0x0000000088400000| Untracked 
| 133|0x0000000088500000, 0x0000000088500000, 0x0000000088600000|  0%| F|  |TAMS 0x0000000088500000, 0x0000000088500000| Untracked 
| 134|0x0000000088600000, 0x0000000088600000, 0x0000000088700000|  0%| F|  |TAMS 0x0000000088600000, 0x0000000088600000| Untracked 
| 135|0x0000000088700000, 0x0000000088700000, 0x0000000088800000|  0%| F|  |TAMS 0x0000000088700000, 0x0000000088700000| Untracked 
| 136|0x0000000088800000, 0x0000000088800000, 0x0000000088900000|  0%| F|  |TAMS 0x0000000088800000, 0x0000000088800000| Untracked 
| 137|0x0000000088900000, 0x0000000088900000, 0x0000000088a00000|  0%| F|  |TAMS 0x0000000088900000, 0x0000000088900000| Untracked 
| 138|0x0000000088a00000, 0x0000000088a00000, 0x0000000088b00000|  0%| F|  |TAMS 0x0000000088a00000, 0x0000000088a00000| Untracked 
| 139|0x0000000088b00000, 0x0000000088b00000, 0x0000000088c00000|  0%| F|  |TAMS 0x0000000088b00000, 0x0000000088b00000| Untracked 
| 140|0x0000000088c00000, 0x0000000088c00000, 0x0000000088d00000|  0%| F|  |TAMS 0x0000000088c00000, 0x0000000088c00000| Untracked 
| 141|0x0000000088d00000, 0x0000000088d00000, 0x0000000088e00000|  0%| F|  |TAMS 0x0000000088d00000, 0x0000000088d00000| Untracked 
| 142|0x0000000088e00000, 0x0000000088e00000, 0x0000000088f00000|  0%| F|  |TAMS 0x0000000088e00000, 0x0000000088e00000| Untracked 
| 143|0x0000000088f00000, 0x0000000089000000, 0x0000000089000000|100%| E|  |TAMS 0x0000000088f00000, 0x0000000088f00000| Complete 
| 144|0x0000000089000000, 0x0000000089100000, 0x0000000089100000|100%| E|CS|TAMS 0x0000000089000000, 0x0000000089000000| Complete 
| 145|0x0000000089100000, 0x0000000089200000, 0x0000000089200000|100%| E|CS|TAMS 0x0000000089100000, 0x0000000089100000| Complete 
| 146|0x0000000089200000, 0x0000000089300000, 0x0000000089300000|100%| E|CS|TAMS 0x0000000089200000, 0x0000000089200000| Complete 
| 147|0x0000000089300000, 0x0000000089400000, 0x0000000089400000|100%| E|CS|TAMS 0x0000000089300000, 0x0000000089300000| Complete 
| 148|0x0000000089400000, 0x0000000089500000, 0x0000000089500000|100%| E|CS|TAMS 0x0000000089400000, 0x0000000089400000| Complete 
| 149|0x0000000089500000, 0x0000000089600000, 0x0000000089600000|100%| E|CS|TAMS 0x0000000089500000, 0x0000000089500000| Complete 
| 150|0x0000000089600000, 0x0000000089700000, 0x0000000089700000|100%| E|CS|TAMS 0x0000000089600000, 0x0000000089600000| Complete 
| 151|0x0000000089700000, 0x0000000089800000, 0x0000000089800000|100%| E|CS|TAMS 0x0000000089700000, 0x0000000089700000| Complete 
| 152|0x0000000089800000, 0x0000000089900000, 0x0000000089900000|100%| E|CS|TAMS 0x0000000089800000, 0x0000000089800000| Complete 
| 153|0x0000000089900000, 0x0000000089a00000, 0x0000000089a00000|100%| E|CS|TAMS 0x0000000089900000, 0x0000000089900000| Complete 
| 154|0x0000000089a00000, 0x0000000089b00000, 0x0000000089b00000|100%| E|CS|TAMS 0x0000000089a00000, 0x0000000089a00000| Complete 
| 155|0x0000000089b00000, 0x0000000089c00000, 0x0000000089c00000|100%| E|CS|TAMS 0x0000000089b00000, 0x0000000089b00000| Complete 
| 156|0x0000000089c00000, 0x0000000089d00000, 0x0000000089d00000|100%| E|CS|TAMS 0x0000000089c00000, 0x0000000089c00000| Complete 
| 157|0x0000000089d00000, 0x0000000089e00000, 0x0000000089e00000|100%| E|CS|TAMS 0x0000000089d00000, 0x0000000089d00000| Complete 
| 158|0x0000000089e00000, 0x0000000089f00000, 0x0000000089f00000|100%| E|CS|TAMS 0x0000000089e00000, 0x0000000089e00000| Complete 
| 159|0x0000000089f00000, 0x000000008a000000, 0x000000008a000000|100%| E|CS|TAMS 0x0000000089f00000, 0x0000000089f00000| Complete 
| 160|0x000000008a000000, 0x000000008a100000, 0x000000008a100000|100%| E|CS|TAMS 0x000000008a000000, 0x000000008a000000| Complete 
| 161|0x000000008a100000, 0x000000008a200000, 0x000000008a200000|100%| E|CS|TAMS 0x000000008a100000, 0x000000008a100000| Complete 
| 162|0x000000008a200000, 0x000000008a300000, 0x000000008a300000|100%| E|CS|TAMS 0x000000008a200000, 0x000000008a200000| Complete 
| 163|0x000000008a300000, 0x000000008a400000, 0x000000008a400000|100%| E|CS|TAMS 0x000000008a300000, 0x000000008a300000| Complete 
| 164|0x000000008a400000, 0x000000008a500000, 0x000000008a500000|100%| E|CS|TAMS 0x000000008a400000, 0x000000008a400000| Complete 
| 165|0x000000008a500000, 0x000000008a600000, 0x000000008a600000|100%| E|CS|TAMS 0x000000008a500000, 0x000000008a500000| Complete 
| 166|0x000000008a600000, 0x000000008a700000, 0x000000008a700000|100%| E|CS|TAMS 0x000000008a600000, 0x000000008a600000| Complete 
| 167|0x000000008a700000, 0x000000008a800000, 0x000000008a800000|100%| E|CS|TAMS 0x000000008a700000, 0x000000008a700000| Complete 
| 168|0x000000008a800000, 0x000000008a900000, 0x000000008a900000|100%| E|CS|TAMS 0x000000008a800000, 0x000000008a800000| Complete 
| 206|0x000000008ce00000, 0x000000008cf00000, 0x000000008cf00000|100%| E|CS|TAMS 0x000000008ce00000, 0x000000008ce00000| Complete 
| 207|0x000000008cf00000, 0x000000008d000000, 0x000000008d000000|100%| E|CS|TAMS 0x000000008cf00000, 0x000000008cf00000| Complete 
| 208|0x000000008d000000, 0x000000008d100000, 0x000000008d100000|100%| E|CS|TAMS 0x000000008d000000, 0x000000008d000000| Complete 
| 209|0x000000008d100000, 0x000000008d200000, 0x000000008d200000|100%| E|CS|TAMS 0x000000008d100000, 0x000000008d100000| Complete 
| 210|0x000000008d200000, 0x000000008d300000, 0x000000008d300000|100%| E|CS|TAMS 0x000000008d200000, 0x000000008d200000| Complete 
| 251|0x000000008fb00000, 0x000000008fc00000, 0x000000008fc00000|100%| E|CS|TAMS 0x000000008fb00000, 0x000000008fb00000| Complete 

Card table byte_map: [0x000001cfc7850000,0x000001cfc7c50000] _byte_map_base: 0x000001cfc7450000

Marking Bits (Prev, Next): (CMBitMap*) 0x000001cfb2d6ca90, (CMBitMap*) 0x000001cfb2d6cad0
 Prev Bits: [0x000001cfc8050000, 0x000001cfca050000)
 Next Bits: [0x000001cfca050000, 0x000001cfcc050000)

Polling page: 0x000001cfb2de0000

Metaspace:

Usage:
  Non-class:     43.96 MB used.
      Class:      6.83 MB used.
       Both:     50.79 MB used.

Virtual space:
  Non-class space:       48.00 MB reserved,      44.19 MB ( 92%) committed,  6 nodes.
      Class space:        1.00 GB reserved,       7.06 MB ( <1%) committed,  1 nodes.
             Both:        1.05 GB reserved,      51.25 MB (  5%) committed. 

Chunk freelists:
   Non-Class:  3.52 MB
       Class:  944.00 KB
        Both:  4.44 MB

MaxMetaspaceSize: unlimited
CompressedClassSpaceSize: 1.00 GB
Initial GC threshold: 21.00 MB
Current GC threshold: 59.00 MB
CDS: off
MetaspaceReclaimPolicy: balanced
 - commit_granule_bytes: 65536.
 - commit_granule_words: 8192.
 - virtual_space_node_default_size: 1048576.
 - enlarge_chunks_in_place: 1.
 - new_chunks_are_fully_committed: 0.
 - uncommit_free_chunks: 1.
 - use_allocation_guard: 0.
 - handle_deallocations: 1.


Internal statistics:

num_allocs_failed_limit: 6.
num_arena_births: 558.
num_arena_deaths: 0.
num_vsnodes_births: 7.
num_vsnodes_deaths: 0.
num_space_committed: 820.
num_space_uncommitted: 0.
num_chunks_returned_to_freelist: 6.
num_chunks_taken_from_freelist: 2210.
num_chunk_merges: 6.
num_chunk_splits: 1469.
num_chunks_enlarged: 1025.
num_purges: 0.
num_inconsistent_stats: 0.

CodeHeap 'non-profiled nmethods': size=120000Kb used=2706Kb max_used=2706Kb free=117293Kb
 bounds [0x000001cfbf4c0000, 0x000001cfbf770000, 0x000001cfc69f0000]
CodeHeap 'profiled nmethods': size=120000Kb used=8866Kb max_used=8866Kb free=111133Kb
 bounds [0x000001cfb79f0000, 0x000001cfb82a0000, 0x000001cfbef20000]
CodeHeap 'non-nmethods': size=5760Kb used=2324Kb max_used=2360Kb free=3435Kb
 bounds [0x000001cfbef20000, 0x000001cfbf190000, 0x000001cfbf4c0000]
 total_blobs=5187 nmethods=4358 adapters=741
 compilation: enabled
              stopped_count=0, restarted_count=0
 full_count=0

Compilation events (20 events):
Event: 3.776 Thread 0x000001cfcf4c3470 4348       3       org.gradle.cache.internal.btree.StateCheckBlockStore::read (33 bytes)
Event: 3.777 Thread 0x000001cfcf4c3470 nmethod 4348 0x000001cfb8294110 code [0x000001cfb82942c0, 0x000001cfb82944a8]
Event: 3.777 Thread 0x000001cfcf4c3470 4349       3       org.gradle.cache.internal.btree.FreeListBlockStore::read (12 bytes)
Event: 3.777 Thread 0x000001cfcf4c3470 nmethod 4349 0x000001cfb8294590 code [0x000001cfb8294740, 0x000001cfb8294908]
Event: 3.786 Thread 0x000001cfcf4c3470 4350       1       org.gradle.api.attributes.Attribute::getName (5 bytes)
Event: 3.786 Thread 0x000001cfcf4c3470 nmethod 4350 0x000001cfbf763810 code [0x000001cfbf7639a0, 0x000001cfbf763a78]
Event: 3.813 Thread 0x000001cfcf4c3470 4352       3       org.gradle.internal.instantiation.generator.AbstractClassGenerator$ClassGenerationHandler::hasFields (1 bytes)
Event: 3.813 Thread 0x000001cfcf4c3470 nmethod 4352 0x000001cfb8294a10 code [0x000001cfb8294ba0, 0x000001cfb8294cb8]
Event: 3.813 Thread 0x000001cfcf4c3470 4353       3       java.util.Arrays$ArrayList::toArray (15 bytes)
Event: 3.813 Thread 0x000001cfcf4c3470 nmethod 4353 0x000001cfb8294d90 code [0x000001cfb8294f40, 0x000001cfb8295088]
Event: 3.815 Thread 0x000001cfcf4c3470 4358       3       jdk.internal.misc.Unsafe::ensureClassInitialized (18 bytes)
Event: 3.815 Thread 0x000001cfcf4c3470 nmethod 4358 0x000001cfb8295190 code [0x000001cfb8295340, 0x000001cfb8295578]
Event: 3.821 Thread 0x000001cfcf4c3470 4359       3       java.lang.invoke.DelegatingMethodHandle::<init> (10 bytes)
Event: 3.821 Thread 0x000001cfcf4c3470 nmethod 4359 0x000001cfb8295690 code [0x000001cfb8295860, 0x000001cfb8295c18]
Event: 3.822 Thread 0x000001cfcf4c3470 4360       3       java.lang.invoke.DelegatingMethodHandle::chooseDelegatingForm (24 bytes)
Event: 3.822 Thread 0x000001cfcf4c3470 nmethod 4360 0x000001cfb8295d90 code [0x000001cfb8295f40, 0x000001cfb8296268]
Event: 3.823 Thread 0x000001cfcf4c3470 4362       3       com.google.common.collect.RegularImmutableMap::get (64 bytes)
Event: 3.824 Thread 0x000001cfcf4c3470 nmethod 4362 0x000001cfb8296390 code [0x000001cfb82965a0, 0x000001cfb8296b38]
Event: 3.824 Thread 0x000001cfcf4c3470 4361       3       com.google.common.collect.RegularImmutableMap::get (13 bytes)
Event: 3.824 Thread 0x000001cfcf4c3470 nmethod 4361 0x000001cfb8296d10 code [0x000001cfb8296ea0, 0x000001cfb8296fe8]

GC Heap History (20 events):
Event: 0.816 GC heap before
{Heap before GC invocations=1 (full 0):
 garbage-first heap   total 258048K, used 40797K [0x0000000080000000, 0x0000000100000000)
  region size 1024K, 32 young (32768K), 3 survivors (3072K)
 Metaspace       used 11195K, committed 11456K, reserved 1064960K
  class space    used 1161K, committed 1280K, reserved 1048576K
}
Event: 0.819 GC heap after
{Heap after GC invocations=2 (full 0):
 garbage-first heap   total 258048K, used 14486K [0x0000000080000000, 0x0000000100000000)
  region size 1024K, 4 young (4096K), 4 survivors (4096K)
 Metaspace       used 11195K, committed 11456K, reserved 1064960K
  class space    used 1161K, committed 1280K, reserved 1048576K
}
Event: 1.506 GC heap before
{Heap before GC invocations=2 (full 0):
 garbage-first heap   total 258048K, used 51350K [0x0000000080000000, 0x0000000100000000)
  region size 1024K, 41 young (41984K), 4 survivors (4096K)
 Metaspace       used 21308K, committed 21504K, reserved 1073152K
  class space    used 2606K, committed 2688K, reserved 1048576K
}
Event: 1.511 GC heap after
{Heap after GC invocations=3 (full 0):
 garbage-first heap   total 258048K, used 18102K [0x0000000080000000, 0x0000000100000000)
  region size 1024K, 8 young (8192K), 8 survivors (8192K)
 Metaspace       used 21308K, committed 21504K, reserved 1073152K
  class space    used 2606K, committed 2688K, reserved 1048576K
}
Event: 1.939 GC heap before
{Heap before GC invocations=4 (full 0):
 garbage-first heap   total 68608K, used 50870K [0x0000000080000000, 0x0000000100000000)
  region size 1024K, 40 young (40960K), 8 survivors (8192K)
 Metaspace       used 26341K, committed 26624K, reserved 1073152K
  class space    used 3474K, committed 3584K, reserved 1048576K
}
Event: 1.948 GC heap after
{Heap after GC invocations=5 (full 0):
 garbage-first heap   total 68608K, used 20306K [0x0000000080000000, 0x0000000100000000)
  region size 1024K, 3 young (3072K), 3 survivors (3072K)
 Metaspace       used 26341K, committed 26624K, reserved 1073152K
  class space    used 3474K, committed 3584K, reserved 1048576K
}
Event: 1.963 GC heap before
{Heap before GC invocations=5 (full 0):
 garbage-first heap   total 68608K, used 21330K [0x0000000080000000, 0x0000000100000000)
  region size 1024K, 4 young (4096K), 3 survivors (3072K)
 Metaspace       used 26516K, committed 26880K, reserved 1073152K
  class space    used 3502K, committed 3648K, reserved 1048576K
}
Event: 1.970 GC heap after
{Heap after GC invocations=6 (full 0):
 garbage-first heap   total 68608K, used 20446K [0x0000000080000000, 0x0000000100000000)
  region size 1024K, 1 young (1024K), 1 survivors (1024K)
 Metaspace       used 26516K, committed 26880K, reserved 1073152K
  class space    used 3502K, committed 3648K, reserved 1048576K
}
Event: 2.265 GC heap before
{Heap before GC invocations=6 (full 0):
 garbage-first heap   total 68608K, used 46046K [0x0000000080000000, 0x0000000100000000)
  region size 1024K, 27 young (27648K), 1 survivors (1024K)
 Metaspace       used 30614K, committed 30912K, reserved 1081344K
  class space    used 4171K, committed 4288K, reserved 1048576K
}
Event: 2.270 GC heap after
{Heap after GC invocations=7 (full 0):
 garbage-first heap   total 68608K, used 21592K [0x0000000080000000, 0x0000000100000000)
  region size 1024K, 2 young (2048K), 2 survivors (2048K)
 Metaspace       used 30614K, committed 30912K, reserved 1081344K
  class space    used 4171K, committed 4288K, reserved 1048576K
}
Event: 2.584 GC heap before
{Heap before GC invocations=7 (full 0):
 garbage-first heap   total 68608K, used 48216K [0x0000000080000000, 0x0000000100000000)
  region size 1024K, 29 young (29696K), 2 survivors (2048K)
 Metaspace       used 35280K, committed 35648K, reserved 1081344K
  class space    used 4872K, committed 5056K, reserved 1048576K
}
Event: 2.590 GC heap after
{Heap after GC invocations=8 (full 0):
 garbage-first heap   total 133120K, used 23839K [0x0000000080000000, 0x0000000100000000)
  region size 1024K, 4 young (4096K), 4 survivors (4096K)
 Metaspace       used 35280K, committed 35648K, reserved 1081344K
  class space    used 4872K, committed 5056K, reserved 1048576K
}
Event: 2.598 GC heap before
{Heap before GC invocations=8 (full 0):
 garbage-first heap   total 133120K, used 23839K [0x0000000080000000, 0x0000000100000000)
  region size 1024K, 5 young (5120K), 4 survivors (4096K)
 Metaspace       used 35616K, committed 35968K, reserved 1081344K
  class space    used 4876K, committed 5056K, reserved 1048576K
}
Event: 2.602 GC heap after
{Heap after GC invocations=9 (full 0):
 garbage-first heap   total 133120K, used 23718K [0x0000000080000000, 0x0000000100000000)
  region size 1024K, 4 young (4096K), 4 survivors (4096K)
 Metaspace       used 35616K, committed 35968K, reserved 1081344K
  class space    used 4876K, committed 5056K, reserved 1048576K
}
Event: 3.102 GC heap before
{Heap before GC invocations=10 (full 0):
 garbage-first heap   total 89088K, used 74918K [0x0000000080000000, 0x0000000100000000)
  region size 1024K, 52 young (53248K), 4 survivors (4096K)
 Metaspace       used 43039K, committed 43456K, reserved 1089536K
  class space    used 5656K, committed 5824K, reserved 1048576K
}
Event: 3.111 GC heap after
{Heap after GC invocations=11 (full 0):
 garbage-first heap   total 89088K, used 28690K [0x0000000080000000, 0x0000000100000000)
  region size 1024K, 7 young (7168K), 7 survivors (7168K)
 Metaspace       used 43039K, committed 43456K, reserved 1089536K
  class space    used 5656K, committed 5824K, reserved 1048576K
}
Event: 3.121 GC heap before
{Heap before GC invocations=11 (full 0):
 garbage-first heap   total 89088K, used 29714K [0x0000000080000000, 0x0000000100000000)
  region size 1024K, 8 young (8192K), 7 survivors (7168K)
 Metaspace       used 43101K, committed 43456K, reserved 1089536K
  class space    used 5666K, committed 5824K, reserved 1048576K
}
Event: 3.125 GC heap after
{Heap after GC invocations=12 (full 0):
 garbage-first heap   total 89088K, used 29393K [0x0000000080000000, 0x0000000100000000)
  region size 1024K, 1 young (1024K), 1 survivors (1024K)
 Metaspace       used 43101K, committed 43456K, reserved 1089536K
  class space    used 5666K, committed 5824K, reserved 1048576K
}
Event: 3.473 GC heap before
{Heap before GC invocations=12 (full 0):
 garbage-first heap   total 89088K, used 69329K [0x0000000080000000, 0x0000000100000000)
  region size 1024K, 40 young (40960K), 1 survivors (1024K)
 Metaspace       used 47477K, committed 48000K, reserved 1097728K
  class space    used 6282K, committed 6528K, reserved 1048576K
}
Event: 3.477 GC heap after
{Heap after GC invocations=13 (full 0):
 garbage-first heap   total 179200K, used 31119K [0x0000000080000000, 0x0000000100000000)
  region size 1024K, 3 young (3072K), 3 survivors (3072K)
 Metaspace       used 47477K, committed 48000K, reserved 1097728K
  class space    used 6282K, committed 6528K, reserved 1048576K
}

Dll operation events (2 events):
Event: 0.005 Loaded shared library C:\Program Files\Android\Android Studio\jbr\bin\java.dll
Event: 0.311 Loaded shared library C:\Program Files\Android\Android Studio\jbr\bin\verify.dll

Deoptimization events (20 events):
Event: 3.651 Thread 0x000001cfcff68b60 DEOPT PACKING pc=0x000001cfbf618e58 sp=0x000000333a3f8f70
Event: 3.651 Thread 0x000001cfcff68b60 DEOPT UNPACKING pc=0x000001cfbef7a1a3 sp=0x000000333a3f8f18 mode 2
Event: 3.657 Thread 0x000001cfcff68b60 Uncommon trap: trap_request=0xffffff45 fr.pc=0x000001cfbf51bdf4 relative=0x00000000000001d4
Event: 3.657 Thread 0x000001cfcff68b60 Uncommon trap: reason=unstable_if action=reinterpret pc=0x000001cfbf51bdf4 method=java.net.URI$Parser.scan(IILjava/lang/String;)I @ 26 c2
Event: 3.657 Thread 0x000001cfcff68b60 DEOPT PACKING pc=0x000001cfbf51bdf4 sp=0x000000333a3f8470
Event: 3.657 Thread 0x000001cfcff68b60 DEOPT UNPACKING pc=0x000001cfbef7a1a3 sp=0x000000333a3f8400 mode 2
Event: 3.657 Thread 0x000001cfcff68b60 Uncommon trap: trap_request=0xffffff45 fr.pc=0x000001cfbf514c34 relative=0x0000000000000114
Event: 3.657 Thread 0x000001cfcff68b60 Uncommon trap: reason=unstable_if action=reinterpret pc=0x000001cfbf514c34 method=java.net.URI.match(CJJ)Z @ 45 c2
Event: 3.657 Thread 0x000001cfcff68b60 DEOPT PACKING pc=0x000001cfbf514c34 sp=0x000000333a3f81e0
Event: 3.657 Thread 0x000001cfcff68b60 DEOPT UNPACKING pc=0x000001cfbef7a1a3 sp=0x000000333a3f8118 mode 2
Event: 3.657 Thread 0x000001cfcff68b60 Uncommon trap: trap_request=0xffffff45 fr.pc=0x000001cfbf4dc6c8 relative=0x0000000000000048
Event: 3.657 Thread 0x000001cfcff68b60 Uncommon trap: reason=unstable_if action=reinterpret pc=0x000001cfbf4dc6c8 method=java.net.URI.match(CJJ)Z @ 19 c2
Event: 3.657 Thread 0x000001cfcff68b60 DEOPT PACKING pc=0x000001cfbf4dc6c8 sp=0x000000333a3f81f0
Event: 3.657 Thread 0x000001cfcff68b60 DEOPT UNPACKING pc=0x000001cfbef7a1a3 sp=0x000000333a3f81a0 mode 2
Event: 3.658 Thread 0x000001cfcff68b60 Uncommon trap: trap_request=0xffffffcc fr.pc=0x000001cfbf75ebd4 relative=0x0000000000000334
Event: 3.658 Thread 0x000001cfcff68b60 Uncommon trap: reason=intrinsic_or_type_checked_inlining action=make_not_entrant pc=0x000001cfbf75ebd4 method=java.util.Arrays.copyOf([Ljava/lang/Object;ILjava/lang/Class;)[Ljava/lang/Object; @ 35 c2
Event: 3.658 Thread 0x000001cfcff68b60 DEOPT PACKING pc=0x000001cfbf75ebd4 sp=0x000000333a3f8a10
Event: 3.658 Thread 0x000001cfcff68b60 DEOPT UNPACKING pc=0x000001cfbef7a1a3 sp=0x000000333a3f89a0 mode 2
Event: 3.683 Thread 0x000001cfcff68b60 DEOPT PACKING pc=0x000001cfb7d5b388 sp=0x000000333a3f6bb0
Event: 3.683 Thread 0x000001cfcff68b60 DEOPT UNPACKING pc=0x000001cfbef7ace3 sp=0x000000333a3f60b8 mode 0

Classes unloaded (0 events):
No events

Classes redefined (0 events):
No events

Internal exceptions (20 events):
Event: 3.084 Thread 0x000001cfcff68b60 Exception <a 'java/lang/NoSuchMethodError'{0x0000000082477938}: 'java.lang.Object java.lang.invoke.DirectMethodHandle$Holder.invokeStatic(java.lang.Object, java.lang.Object, java.lang.Object, java.lang.Object, java.lang.Object, java.lang.Object, java.lang.Object, java.lang.Object, java.lang.Object, java.lang.Object, java.lang.Object, java.lang.Object, java.lang.Object, java.lang.Object, java.lang.Object, java.lang.Object, java.lang.Object, java.lang.Object, java.lang.Object, java.lang.Object, java.lang.Obj
Event: 3.085 Thread 0x000001cfcff68b60 Exception <a 'java/lang/NoSuchMethodError'{0x00000000824a2be0}: 'java.lang.Object java.lang.invoke.DirectMethodHandle$Holder.invokeStatic(java.lang.Object, java.lang.Object, java.lang.Object, java.lang.Object, java.lang.Object, java.lang.Object, java.lang.Object, java.lang.Object, java.lang.Object, java.lang.Object, java.lang.Object, java.lang.Object, java.lang.Object, java.lang.Object, java.lang.Object, java.lang.Object, java.lang.Object, java.lang.Object, java.lang.Object, java.lang.Object, java.lang.Obj
Event: 3.087 Thread 0x000001cfcff68b60 Exception <a 'java/lang/NoSuchMethodError'{0x00000000824cf6d8}: 'java.lang.Object java.lang.invoke.DirectMethodHandle$Holder.invokeStatic(java.lang.Object, java.lang.Object, java.lang.Object, java.lang.Object, java.lang.Object, java.lang.Object, java.lang.Object, java.lang.Object, java.lang.Object, java.lang.Object, java.lang.Object, java.lang.Object, java.lang.Object, java.lang.Object, java.lang.Object, java.lang.Object, java.lang.Object, java.lang.Object, java.lang.Object, java.lang.Object, java.lang.Obj
Event: 3.088 Thread 0x000001cfcff68b60 Exception <a 'java/lang/NoSuchMethodError'{0x00000000824fdac0}: 'java.lang.Object java.lang.invoke.DirectMethodHandle$Holder.invokeStatic(java.lang.Object, java.lang.Object, java.lang.Object, java.lang.Object, java.lang.Object, java.lang.Object, java.lang.Object, java.lang.Object, java.lang.Object, java.lang.Object, java.lang.Object, java.lang.Object, java.lang.Object, java.lang.Object, java.lang.Object, java.lang.Object, java.lang.Object, java.lang.Object, java.lang.Object, java.lang.Object, java.lang.Obj
Event: 3.168 Thread 0x000001cfcff68b60 Exception <a 'java/lang/IncompatibleClassChangeError'{0x0000000084b386b8}: Found class java.lang.Object, but interface was expected> (0x0000000084b386b8) 
thrown [s\src\hotspot\share\interpreter\linkResolver.cpp, line 838]
Event: 3.222 Thread 0x000001cfcff68b60 Exception <a 'java/lang/IncompatibleClassChangeError'{0x00000000847b90b0}: Found class java.lang.Object, but interface was expected> (0x00000000847b90b0) 
thrown [s\src\hotspot\share\interpreter\linkResolver.cpp, line 838]
Event: 3.235 Thread 0x000001cfcff68b60 Exception <a 'java/lang/NoSuchMethodError'{0x00000000845373a8}: 'int java.lang.invoke.DirectMethodHandle$Holder.invokeStaticInit(java.lang.Object, java.lang.Object, java.lang.Object, java.lang.Object, java.lang.Object)'> (0x00000000845373a8) 
thrown [s\src\hotspot\share\interpreter\linkResolver.cpp, line 771]
Event: 3.303 Thread 0x000001cfcff68b60 Implicit null exception at 0x000001cfbf6722ec to 0x000001cfbf672390
Event: 3.350 Thread 0x000001cfcff68b60 Exception <a 'java/lang/NoSuchMethodError'{0x0000000083a9c598}: 'void java.lang.invoke.DirectMethodHandle$Holder.invokeInterface(java.lang.Object, java.lang.Object)'> (0x0000000083a9c598) 
thrown [s\src\hotspot\share\interpreter\linkResolver.cpp, line 771]
Event: 3.351 Thread 0x000001cfcff68b60 Exception <a 'java/lang/IncompatibleClassChangeError'{0x0000000083aa78c8}: Found class java.lang.Object, but interface was expected> (0x0000000083aa78c8) 
thrown [s\src\hotspot\share\interpreter\linkResolver.cpp, line 838]
Event: 3.364 Thread 0x000001cfcff68b60 Exception <a 'java/lang/NoSuchMethodError'{0x000000008382dfc0}: 'java.lang.Object java.lang.invoke.DirectMethodHandle$Holder.newInvokeSpecial(java.lang.Object, int, java.lang.Object)'> (0x000000008382dfc0) 
thrown [s\src\hotspot\share\interpreter\linkResolver.cpp, line 771]
Event: 3.491 Thread 0x000001cfcff699d0 Exception <a 'java/lang/NoSuchMethodError'{0x000000008d2905f0}: static Lorg/gradle/internal/build/event/types/DefaultOperationStartedProgressEvent;.<clinit>()V> (0x000000008d2905f0) 
thrown [s\src\hotspot\share\prims\jni.cpp, line 1108]
Event: 3.491 Thread 0x000001cfcff699d0 Exception <a 'java/lang/NoSuchMethodError'{0x000000008d291c78}: static Lorg/gradle/internal/build/event/types/AbstractProgressEvent;.<clinit>()V> (0x000000008d291c78) 
thrown [s\src\hotspot\share\prims\jni.cpp, line 1108]
Event: 3.492 Thread 0x000001cfcff699d0 Exception <a 'java/lang/NoSuchMethodError'{0x000000008d2a25b8}: static Lorg/gradle/internal/build/event/types/DefaultProjectConfigurationDescriptor;.<clinit>()V> (0x000000008d2a25b8) 
thrown [s\src\hotspot\share\prims\jni.cpp, line 1108]
Event: 3.493 Thread 0x000001cfcff699d0 Exception <a 'java/lang/NoSuchMethodError'{0x000000008d2a4b88}: static Lorg/gradle/internal/build/event/types/DefaultOperationDescriptor;.<clinit>()V> (0x000000008d2a4b88) 
thrown [s\src\hotspot\share\prims\jni.cpp, line 1108]
Event: 3.494 Thread 0x000001cfcff699d0 Exception <a 'java/lang/NoSuchMethodError'{0x000000008d2b9c20}: static Lorg/gradle/internal/operations/OperationIdentifier;.<clinit>()V> (0x000000008d2b9c20) 
thrown [s\src\hotspot\share\prims\jni.cpp, line 1108]
Event: 3.808 Thread 0x000001cfcff68b60 Exception <a 'java/lang/NoSuchMethodError'{0x000000008914d788}: 'int java.lang.invoke.DirectMethodHandle$Holder.invokeStatic(java.lang.Object)'> (0x000000008914d788) 
thrown [s\src\hotspot\share\interpreter\linkResolver.cpp, line 771]
Event: 3.808 Thread 0x000001cfcff68b60 Exception <a 'java/lang/NoSuchMethodError'{0x0000000089151e20}: 'int java.lang.invoke.DirectMethodHandle$Holder.invokeStaticInit(java.lang.Object)'> (0x0000000089151e20) 
thrown [s\src\hotspot\share\interpreter\linkResolver.cpp, line 771]
Event: 3.814 Thread 0x000001cfcff68b60 Exception <a 'java/lang/NoSuchMethodError'{0x00000000891c6e08}: 'java.lang.Object java.lang.invoke.DirectMethodHandle$Holder.newInvokeSpecial(java.lang.Object, java.lang.Object, java.lang.Object, java.lang.Object, java.lang.Object, int)'> (0x00000000891c6e08) 
thrown [s\src\hotspot\share\interpreter\linkResolver.cpp, line 771]
Event: 3.815 Thread 0x000001cfcff68b60 Exception <a 'java/lang/NoSuchMethodError'{0x00000000891cc460}: 'java.lang.Object java.lang.invoke.DirectMethodHandle$Holder.invokeSpecial(java.lang.Object, java.lang.Object, java.lang.Object, java.lang.Object, java.lang.Object, java.lang.Object, int)'> (0x00000000891cc460) 
thrown [s\src\hotspot\share\interpreter\linkResolver.cpp, line 771]

VM Operations (20 events):
Event: 3.102 Executing VM operation: G1CollectForAllocation
Event: 3.111 Executing VM operation: G1CollectForAllocation done
Event: 3.120 Executing VM operation: G1CollectForAllocation
Event: 3.125 Executing VM operation: G1CollectForAllocation done
Event: 3.169 Executing VM operation: HandshakeAllThreads
Event: 3.169 Executing VM operation: HandshakeAllThreads done
Event: 3.196 Executing VM operation: HandshakeAllThreads
Event: 3.196 Executing VM operation: HandshakeAllThreads done
Event: 3.225 Executing VM operation: HandshakeAllThreads
Event: 3.225 Executing VM operation: HandshakeAllThreads done
Event: 3.282 Executing VM operation: HandshakeAllThreads
Event: 3.282 Executing VM operation: HandshakeAllThreads done
Event: 3.454 Executing VM operation: HandshakeAllThreads
Event: 3.454 Executing VM operation: HandshakeAllThreads done
Event: 3.472 Executing VM operation: G1CollectForAllocation
Event: 3.477 Executing VM operation: G1CollectForAllocation done
Event: 3.481 Executing VM operation: HandshakeAllThreads
Event: 3.481 Executing VM operation: HandshakeAllThreads done
Event: 3.787 Executing VM operation: HandshakeAllThreads
Event: 3.787 Executing VM operation: HandshakeAllThreads done

Events (20 events):
Event: 3.660 loading class java/io/DeleteOnExitHook$1
Event: 3.660 loading class java/io/DeleteOnExitHook$1 done
Event: 3.679 loading class javax/net/ssl/HostnameVerifier
Event: 3.679 loading class javax/net/ssl/HostnameVerifier done
Event: 3.680 loading class javax/net/ssl/TrustManager
Event: 3.680 loading class javax/net/ssl/TrustManager done
Event: 3.680 loading class javax/net/ssl/X509TrustManager
Event: 3.680 loading class javax/net/ssl/X509TrustManager done
Event: 3.682 loading class javax/net/ssl/SSLException
Event: 3.682 loading class javax/net/ssl/SSLException done
Event: 3.682 loading class javax/net/ssl/SSLPeerUnverifiedException
Event: 3.682 loading class javax/net/ssl/SSLPeerUnverifiedException done
Event: 3.682 loading class javax/naming/NamingException
Event: 3.682 loading class javax/naming/NamingException done
Event: 3.682 loading class javax/naming/InvalidNameException
Event: 3.682 loading class javax/naming/InvalidNameException done
Event: 3.682 loading class java/security/cert/CertificateParsingException
Event: 3.682 loading class java/security/cert/CertificateException
Event: 3.682 loading class java/security/cert/CertificateException done
Event: 3.682 loading class java/security/cert/CertificateParsingException done


Dynamic libraries:
0x00007ff667a20000 - 0x00007ff667a2a000 	C:\Program Files\Android\Android Studio\jbr\bin\java.exe
0x00007ffc5f550000 - 0x00007ffc5f748000 	C:\Windows\SYSTEM32\ntdll.dll
0x00007ffc5e7a0000 - 0x00007ffc5e85f000 	C:\Windows\System32\KERNEL32.DLL
0x00007ffc5d020000 - 0x00007ffc5d316000 	C:\Windows\System32\KERNELBASE.dll
0x00007ffc5ce80000 - 0x00007ffc5cf80000 	C:\Windows\System32\ucrtbase.dll
0x00007ffbe58a0000 - 0x00007ffbe58b7000 	C:\Program Files\Android\Android Studio\jbr\bin\jli.dll
0x00007ffc47d30000 - 0x00007ffc47d4b000 	C:\Program Files\Android\Android Studio\jbr\bin\VCRUNTIME140.dll
0x00007ffc5d8c0000 - 0x00007ffc5da5d000 	C:\Windows\System32\USER32.dll
0x00007ffc5d420000 - 0x00007ffc5d442000 	C:\Windows\System32\win32u.dll
0x00007ffc4cf50000 - 0x00007ffc4d1ea000 	C:\Windows\WinSxS\amd64_microsoft.windows.common-controls_6595b64144ccf1df_6.0.19041.1110_none_60b5254171f9507e\COMCTL32.dll
0x00007ffc5f3a0000 - 0x00007ffc5f3cc000 	C:\Windows\System32\GDI32.dll
0x00007ffc5d6f0000 - 0x00007ffc5d78e000 	C:\Windows\System32\msvcrt.dll
0x00007ffc5cd60000 - 0x00007ffc5ce75000 	C:\Windows\System32\gdi32full.dll
0x00007ffc5cf80000 - 0x00007ffc5d01d000 	C:\Windows\System32\msvcp_win.dll
0x00007ffc5de50000 - 0x00007ffc5de80000 	C:\Windows\System32\IMM32.DLL
0x00007ffc596b0000 - 0x00007ffc596bc000 	C:\Program Files\Android\Android Studio\jbr\bin\vcruntime140_1.dll
0x00007ffc39fa0000 - 0x00007ffc3a02d000 	C:\Program Files\Android\Android Studio\jbr\bin\msvcp140.dll
0x00007ffbe5ab0000 - 0x00007ffbe671e000 	C:\Program Files\Android\Android Studio\jbr\bin\server\jvm.dll
0x00007ffc5dd20000 - 0x00007ffc5ddcf000 	C:\Windows\System32\ADVAPI32.dll
0x00007ffc5e530000 - 0x00007ffc5e5cc000 	C:\Windows\System32\sechost.dll
0x00007ffc5da60000 - 0x00007ffc5db86000 	C:\Windows\System32\RPCRT4.dll
0x00007ffc3e8b0000 - 0x00007ffc3e8b9000 	C:\Windows\SYSTEM32\WSOCK32.dll
0x00007ffc5f3e0000 - 0x00007ffc5f44b000 	C:\Windows\System32\WS2_32.dll
0x00007ffc50fc0000 - 0x00007ffc50fe7000 	C:\Windows\SYSTEM32\WINMM.dll
0x00007ffc54a30000 - 0x00007ffc54a3a000 	C:\Windows\SYSTEM32\VERSION.dll
0x00007ffc5b470000 - 0x00007ffc5b482000 	C:\Windows\SYSTEM32\kernel.appcore.dll
0x00007ffc546d0000 - 0x00007ffc546da000 	C:\Program Files\Android\Android Studio\jbr\bin\jimage.dll
0x00007ffc5a9a0000 - 0x00007ffc5ab84000 	C:\Windows\SYSTEM32\DBGHELP.DLL
0x00007ffc41e70000 - 0x00007ffc41ea4000 	C:\Windows\SYSTEM32\dbgcore.DLL
0x00007ffc5cc30000 - 0x00007ffc5ccb2000 	C:\Windows\System32\bcryptPrimitives.dll
0x00007ffc460e0000 - 0x00007ffc46105000 	C:\Program Files\Android\Android Studio\jbr\bin\java.dll
0x00007ffc36f70000 - 0x00007ffc36f88000 	C:\Program Files\Android\Android Studio\jbr\bin\zip.dll
0x00007ffc5e860000 - 0x00007ffc5efa4000 	C:\Windows\System32\SHELL32.dll
0x00007ffc5acc0000 - 0x00007ffc5b453000 	C:\Windows\SYSTEM32\windows.storage.dll
0x00007ffc5efb0000 - 0x00007ffc5f304000 	C:\Windows\System32\combase.dll
0x00007ffc5c680000 - 0x00007ffc5c6ae000 	C:\Windows\SYSTEM32\Wldp.dll
0x00007ffc5de80000 - 0x00007ffc5df2d000 	C:\Windows\System32\SHCORE.dll
0x00007ffc5f450000 - 0x00007ffc5f4a5000 	C:\Windows\System32\shlwapi.dll
0x00007ffc5cb70000 - 0x00007ffc5cb8f000 	C:\Windows\SYSTEM32\profapi.dll
0x00007ffc36f50000 - 0x00007ffc36f69000 	C:\Program Files\Android\Android Studio\jbr\bin\net.dll
0x00007ffc574b0000 - 0x00007ffc575ba000 	C:\Windows\SYSTEM32\WINHTTP.dll
0x00007ffc5c3e0000 - 0x00007ffc5c44a000 	C:\Windows\system32\mswsock.dll
0x00007ffc36f30000 - 0x00007ffc36f46000 	C:\Program Files\Android\Android Studio\jbr\bin\nio.dll
0x00007ffc546c0000 - 0x00007ffc546d0000 	C:\Program Files\Android\Android Studio\jbr\bin\verify.dll
0x00007ffc47b30000 - 0x00007ffc47b57000 	C:\Users\ahmed\.gradle\native\68d5fa5c4cc2d200863cafc0d521ce42e7d3e7ee720ec0a83991735586a16f82\windows-amd64\native-platform.dll
0x00007ffc1bbc0000 - 0x00007ffc1bd04000 	C:\Users\ahmed\.gradle\native\e376f236ea51e6404a007f0833ffe2c6e607c4080706a723a18a27aeea778392\windows-amd64\native-platform-file-events.dll
0x00007ffc45fe0000 - 0x00007ffc45fe9000 	C:\Program Files\Android\Android Studio\jbr\bin\management.dll
0x00007ffc36f20000 - 0x00007ffc36f2b000 	C:\Program Files\Android\Android Studio\jbr\bin\management_ext.dll
0x00007ffc5f3d0000 - 0x00007ffc5f3d8000 	C:\Windows\System32\PSAPI.DLL
0x00007ffc5c5e0000 - 0x00007ffc5c5f8000 	C:\Windows\SYSTEM32\CRYPTSP.dll
0x00007ffc5bc90000 - 0x00007ffc5bcc4000 	C:\Windows\system32\rsaenh.dll
0x00007ffc5ccc0000 - 0x00007ffc5cce7000 	C:\Windows\System32\bcrypt.dll
0x00007ffc5caf0000 - 0x00007ffc5cb1e000 	C:\Windows\SYSTEM32\USERENV.dll
0x00007ffc5c5d0000 - 0x00007ffc5c5dc000 	C:\Windows\SYSTEM32\CRYPTBASE.dll
0x00007ffc5c080000 - 0x00007ffc5c0bc000 	C:\Windows\SYSTEM32\IPHLPAPI.DLL
0x00007ffc5e790000 - 0x00007ffc5e798000 	C:\Windows\System32\NSI.dll
0x00007ffc53890000 - 0x00007ffc538a7000 	C:\Windows\SYSTEM32\dhcpcsvc6.DLL
0x00007ffc549e0000 - 0x00007ffc549fd000 	C:\Windows\SYSTEM32\dhcpcsvc.DLL
0x00007ffc5c0d0000 - 0x00007ffc5c19a000 	C:\Windows\SYSTEM32\DNSAPI.dll
0x00007ffbe58d0000 - 0x00007ffbe58d7000 	C:\Windows\system32\wshunix.dll

dbghelp: loaded successfully - version: 4.0.5 - missing functions: none
symbol engine: initialized successfully - sym options: 0x614 - pdb path: .;C:\Program Files\Android\Android Studio\jbr\bin;C:\Windows\SYSTEM32;C:\Windows\WinSxS\amd64_microsoft.windows.common-controls_6595b64144ccf1df_6.0.19041.1110_none_60b5254171f9507e;C:\Program Files\Android\Android Studio\jbr\bin\server;C:\Users\ahmed\.gradle\native\68d5fa5c4cc2d200863cafc0d521ce42e7d3e7ee720ec0a83991735586a16f82\windows-amd64;C:\Users\ahmed\.gradle\native\e376f236ea51e6404a007f0833ffe2c6e607c4080706a723a18a27aeea778392\windows-amd64

VM Arguments:
jvm_args: --add-opens=java.base/java.util=ALL-UNNAMED --add-opens=java.base/java.lang=ALL-UNNAMED --add-opens=java.base/java.lang.invoke=ALL-UNNAMED --add-opens=java.prefs/java.util.prefs=ALL-UNNAMED --add-opens=java.base/java.nio.charset=ALL-UNNAMED --add-opens=java.base/java.net=ALL-UNNAMED --add-opens=java.base/java.util.concurrent.atomic=ALL-UNNAMED -Xmx2048m -Dfile.encoding=UTF-8 -Duser.country=US -Duser.language=en -Duser.variant 
java_command: org.gradle.launcher.daemon.bootstrap.GradleDaemon 8.0
java_class_path (initial): C:\Users\ahmed\.gradle\wrapper\dists\gradle-8.0-bin\ca5e32bp14vu59qr306oxotwh\gradle-8.0\lib\gradle-launcher-8.0.jar
Launcher Type: SUN_STANDARD

[Global flags]
     intx CICompilerCount                          = 4                                         {product} {ergonomic}
     uint ConcGCThreads                            = 2                                         {product} {ergonomic}
     uint G1ConcRefinementThreads                  = 8                                         {product} {ergonomic}
   size_t G1HeapRegionSize                         = 1048576                                   {product} {ergonomic}
    uintx GCDrainStackTargetSize                   = 64                                        {product} {ergonomic}
   size_t InitialHeapSize                          = 264241152                                 {product} {ergonomic}
   size_t MarkStackSize                            = 4194304                                   {product} {ergonomic}
   size_t MaxHeapSize                              = 2147483648                                {product} {command line}
   size_t MaxNewSize                               = 1287651328                                {product} {ergonomic}
   size_t MinHeapDeltaBytes                        = 1048576                                   {product} {ergonomic}
   size_t MinHeapSize                              = 8388608                                   {product} {ergonomic}
    uintx NonNMethodCodeHeapSize                   = 5839372                                {pd product} {ergonomic}
    uintx NonProfiledCodeHeapSize                  = 122909434                              {pd product} {ergonomic}
    uintx ProfiledCodeHeapSize                     = 122909434                              {pd product} {ergonomic}
    uintx ReservedCodeCacheSize                    = 251658240                              {pd product} {ergonomic}
     bool SegmentedCodeCache                       = true                                      {product} {ergonomic}
   size_t SoftMaxHeapSize                          = 2147483648                             {manageable} {ergonomic}
     bool UseCompressedClassPointers               = true                           {product lp64_product} {ergonomic}
     bool UseCompressedOops                        = true                           {product lp64_product} {ergonomic}
     bool UseG1GC                                  = true                                      {product} {ergonomic}
     bool UseLargePagesIndividualAllocation        = false                                  {pd product} {ergonomic}

Logging:
Log output configuration:
 #0: stdout all=warning uptime,level,tags
 #1: stderr all=off uptime,level,tags

Environment Variables:
PATH=C:\Program Files\Eclipse Foundation\jdk-8.0.302.8-hotspot\bin;C:\Program Files\Python310\Scripts\;C:\Program Files\Python310\;C:\Program Files\Microsoft MPI\Bin\;D:\oracle\app\oracle\product\11.2.0\server\bin;C:\Program Files (x86)\Common Files\Oracle\Java\javapath;C:\Windows\system32;C:\Windows;C:\Windows\System32\Wbem;C:\Windows\System32\WindowsPowerShell\v1.0\;C:\Windows\System32\OpenSSH\;C:\Program Files\Microsoft VS Code\bin;C:\xampp\php;C:\Program Files\Java;C:\ProgramData\ComposerSetup\bin;C:\Users\ahmed\scoop\apps\symfony-cli\5.5.1;C:\Program Files\Git\cmd;C:\Program Files (x86)\Microsoft SQL Server\160\Tools\Binn\;C:\Program Files\Microsoft SQL Server\160\Tools\Binn\;C:\Program Files\Microsoft SQL Server\Client SDK\ODBC\170\Tools\Binn\;C:\Program Files\Microsoft SQL Server\160\DTS\Binn\;C:\Program Files (x86)\Microsoft SQL Server\160\DTS\Binn\;C:\Program Files\Azure Data Studio\bin;D:\nvm;D:\nodejs;D:\MogoDB\Server\6.0\data;C:\Program Files\Microsoft SQL Server\130\Tools\Binn\;C:\Program Files (x86)\Microsoft SQL Server\110\DTS\Binn\;C:\Program Files (x86)\Microsoft SQL Server\120\DTS\Binn\;C:\Program Files (x86)\Microsoft SQL Server\130\DTS\Binn\;C:\Program Files (x86)\Microsoft SQL Server\140\DTS\Binn\;C:\Program Files (x86)\Microsoft SQL Server\150\DTS\Binn\;D:\anaconda3;D:\anaconda3\Library\mingw-w64\bin;D:\anaconda3\Library\usr\bin;D:\anaconda3\Library\bin;D:\anaconda3\Scripts;C:\Program Files\Microsoft MPI\Bin\;D:\oracle\app\oracle\product\11.2.0\server\bin;C:\Program Files (x86)\Common Files\Oracle\Java\javapath;C:\Windows\system32;C:\Windows;C:\Windows\System32\Wbem;C:\Windows\System32\WindowsPowerShell\v1.0\;C:\Windows\System32\OpenSSH\;C:\Program Files\Microsoft VS Code\bin;C:\xampp\php;C:\Program Files\Java;C:\Program Files\nodejs\;C:\ProgramData\ComposerSetup\bin;C:\Users\ahmed\scoop\apps\symfony-cli\5.5.1;C:\Program Files\Git\cmd;C:\Program Files (x86)\Microsoft SQL Server\160\Tools\Binn\;C:\Program Files\Microsoft SQL Server\160\Tools\Binn\;
USERNAME=ahmed
OS=Windows_NT
PROCESSOR_IDENTIFIER=Intel64 Family 6 Model 140 Stepping 1, GenuineIntel
TMP=C:\Users\ahmed\AppData\Local\Temp
TEMP=C:\Users\ahmed\AppData\Local\Temp


JNI global refs:
JNI global refs: 25, weak refs: 0

JNI global refs memory usage: 843, weak refs: 841


---------------  S Y S T E M  ---------------

OS:
 Windows 10 , 64 bit Build 19041 (10.0.19041.3031)
OS uptime: 0 days 0:45 hours

CPU: total 8 (initial active 8) (4 cores per cpu, 2 threads per core) family 6 model 140 stepping 1 microcode 0xb4, cx8, cmov, fxsr, ht, mmx, 3dnowpref, sse, sse2, sse3, ssse3, sse4.1, sse4.2, popcnt, lzcnt, tsc, tscinvbit, avx, avx2, aes, erms, clmul, bmi1, bmi2, adx, avx512f, avx512dq, avx512cd, avx512bw, avx512vl, sha, fma, vzeroupper, avx512_vpopcntdq, avx512_vpclmulqdq, avx512_vaes, avx512_vnni, clflush, clflushopt, clwb, avx512_vbmi2, avx512_vbmi

Memory: 4k page, system-wide physical 16126M (2045M free)
TotalPageFile size 16126M (AvailPageFile size 6M)
current process WorkingSet (physical memory assigned to process): 297M, peak: 301M
current process commit charge ("private bytes"): 400M, peak: 403M

vm_info: OpenJDK 64-Bit Server VM (17.0.6+0-b2043.56-10027231) for windows-amd64 JRE (17.0.6+0-b2043.56-10027231), built on Apr 28 2023 00:43:19 by "androidbuild" with MS VC++ 16.10 / 16.11 (VS2019)

END.
